{"/Users/noutecompany/Desktop/classting-assigment/src/app.controller.ts": {"path":"/Users/noutecompany/Desktop/classting-assigment/src/app.controller.ts","statementMap":{"0":{"start":{"line":1,"column":0},"end":{"line":1,"column":49}},"1":{"start":{"line":2,"column":0},"end":{"line":2,"column":43}},"2":{"start":{"line":5,"column":0},"end":{"line":12,"column":null}},"3":{"start":{"line":6,"column":33},"end":{"line":6,"column":45}},"4":{"start":{"line":10,"column":8},"end":{"line":10,"column":42}},"5":{"start":{"line":9,"column":4},"end":{"line":11,"column":null}},"6":{"start":{"line":5,"column":13},"end":{"line":12,"column":null}},"7":{"start":{"line":5,"column":13},"end":{"line":5,"column":26}}},"fnMap":{"0":{"name":"(anonymous_2)","decl":{"start":{"line":6,"column":4},"end":{"line":6,"column":33}},"loc":{"start":{"line":6,"column":55},"end":{"line":6,"column":59}}},"1":{"name":"(anonymous_3)","decl":{"start":{"line":9,"column":4},"end":{"line":9,"column":12}},"loc":{"start":{"line":9,"column":12},"end":{"line":11,"column":5}}}},"branchMap":{},"s":{"0":0,"1":0,"2":0,"3":0,"4":0,"5":0,"6":0,"7":0},"f":{"0":0,"1":0},"b":{}}
,"/Users/noutecompany/Desktop/classting-assigment/src/app.module.ts": {"path":"/Users/noutecompany/Desktop/classting-assigment/src/app.module.ts","statementMap":{"0":{"start":{"line":1,"column":0},"end":{"line":1,"column":40}},"1":{"start":{"line":2,"column":0},"end":{"line":2,"column":49}},"2":{"start":{"line":3,"column":0},"end":{"line":3,"column":43}},"3":{"start":{"line":4,"column":0},"end":{"line":4,"column":61}},"4":{"start":{"line":5,"column":0},"end":{"line":5,"column":53}},"5":{"start":{"line":6,"column":0},"end":{"line":6,"column":48}},"6":{"start":{"line":7,"column":0},"end":{"line":7,"column":59}},"7":{"start":{"line":8,"column":0},"end":{"line":8,"column":76}},"8":{"start":{"line":26,"column":0},"end":{"line":26,"column":null}},"9":{"start":{"line":26,"column":13},"end":{"line":26,"column":null}},"10":{"start":{"line":26,"column":13},"end":{"line":26,"column":22}}},"fnMap":{},"branchMap":{"0":{"loc":{"start":{"line":14,"column":25},"end":{"line":14,"column":82}},"type":"cond-expr","locations":[{"start":{"line":14,"column":58},"end":{"line":14,"column":68}},{"start":{"line":14,"column":71},"end":{"line":14,"column":82}}]}},"s":{"0":0,"1":0,"2":0,"3":0,"4":0,"5":0,"6":0,"7":0,"8":0,"9":0,"10":0},"f":{},"b":{"0":[0,0]}}
,"/Users/noutecompany/Desktop/classting-assigment/src/app.service.ts": {"path":"/Users/noutecompany/Desktop/classting-assigment/src/app.service.ts","statementMap":{"0":{"start":{"line":1,"column":0},"end":{"line":1,"column":44}},"1":{"start":{"line":4,"column":0},"end":{"line":8,"column":null}},"2":{"start":{"line":6,"column":8},"end":{"line":6,"column":30}},"3":{"start":{"line":4,"column":13},"end":{"line":8,"column":null}},"4":{"start":{"line":4,"column":13},"end":{"line":4,"column":23}}},"fnMap":{"0":{"name":"(anonymous_1)","decl":{"start":{"line":5,"column":4},"end":{"line":5,"column":12}},"loc":{"start":{"line":5,"column":12},"end":{"line":7,"column":5}}}},"branchMap":{},"s":{"0":0,"1":0,"2":0,"3":0,"4":0},"f":{"0":0},"b":{}}
,"/Users/noutecompany/Desktop/classting-assigment/src/main.ts": {"path":"/Users/noutecompany/Desktop/classting-assigment/src/main.ts","statementMap":{"0":{"start":{"line":1,"column":0},"end":{"line":1,"column":43}},"1":{"start":{"line":2,"column":0},"end":{"line":2,"column":41}},"2":{"start":{"line":3,"column":0},"end":{"line":3,"column":65}},"3":{"start":{"line":4,"column":0},"end":{"line":4,"column":53}},"4":{"start":{"line":5,"column":0},"end":{"line":5,"column":40}},"5":{"start":{"line":6,"column":0},"end":{"line":6,"column":71}},"6":{"start":{"line":9,"column":16},"end":{"line":9,"column":51}},"7":{"start":{"line":11,"column":21},"end":{"line":11,"column":57}},"8":{"start":{"line":12,"column":4},"end":{"line":19,"column":null}},"9":{"start":{"line":13,"column":26},"end":{"line":13,"column":45}},"10":{"start":{"line":14,"column":8},"end":{"line":18,"column":11}},"11":{"start":{"line":21,"column":19},"end":{"line":35,"column":16}},"12":{"start":{"line":36,"column":21},"end":{"line":40,"column":6}},"13":{"start":{"line":41,"column":21},"end":{"line":41,"column":64}},"14":{"start":{"line":42,"column":4},"end":{"line":42,"column":49}},"15":{"start":{"line":45,"column":4},"end":{"line":45,"column":56}},"16":{"start":{"line":48,"column":4},"end":{"line":48,"column":34}},"17":{"start":{"line":50,"column":17},"end":{"line":50,"column":80}},"18":{"start":{"line":51,"column":4},"end":{"line":53,"column":7}},"19":{"start":{"line":52,"column":8},"end":{"line":52,"column":53}},"20":{"start":{"line":55,"column":0},"end":{"line":55,"column":12}}},"fnMap":{"0":{"name":"bootstrap","decl":{"start":{"line":8,"column":15},"end":{"line":8,"column":24}},"loc":{"start":{"line":8,"column":24},"end":{"line":54,"column":1}}},"1":{"name":"(anonymous_1)","decl":{"start":{"line":51,"column":27},"end":{"line":51,"column":30}},"loc":{"start":{"line":51,"column":32},"end":{"line":53,"column":5}}}},"branchMap":{"0":{"loc":{"start":{"line":12,"column":4},"end":{"line":19,"column":null}},"type":"if","locations":[{"start":{"line":12,"column":4},"end":{"line":19,"column":null}}]},"1":{"loc":{"start":{"line":41,"column":21},"end":{"line":41,"column":64}},"type":"cond-expr","locations":[{"start":{"line":41,"column":50},"end":{"line":41,"column":54}},{"start":{"line":41,"column":54},"end":{"line":41,"column":64}}]},"2":{"loc":{"start":{"line":41,"column":21},"end":{"line":41,"column":54}},"type":"binary-expr","locations":[{"start":{"line":41,"column":21},"end":{"line":41,"column":54}},{"start":{"line":41,"column":50},"end":{"line":41,"column":54}}]},"3":{"loc":{"start":{"line":50,"column":17},"end":{"line":50,"column":80}},"type":"cond-expr","locations":[{"start":{"line":50,"column":42},"end":{"line":50,"column":73}},{"start":{"line":50,"column":76},"end":{"line":50,"column":80}}]}},"s":{"0":0,"1":0,"2":0,"3":0,"4":0,"5":0,"6":0,"7":0,"8":0,"9":0,"10":0,"11":0,"12":0,"13":0,"14":0,"15":0,"16":0,"17":0,"18":0,"19":0,"20":0},"f":{"0":0,"1":0},"b":{"0":[0],"1":[0,0],"2":[0,0],"3":[0,0]}}
,"/Users/noutecompany/Desktop/classting-assigment/src/config/errorMessage.config.ts": {"path":"/Users/noutecompany/Desktop/classting-assigment/src/config/errorMessage.config.ts","statementMap":{"0":{"start":{"line":1,"column":0},"end":{"line":1,"column":null}},"1":{"start":{"line":9,"column":13},"end":{"line":30,"column":11}},"2":{"start":{"line":35,"column":25},"end":{"line":35,"column":49}},"3":{"start":{"line":36,"column":4},"end":{"line":46,"column":null}},"4":{"start":{"line":37,"column":8},"end":{"line":37,"column":48}},"5":{"start":{"line":38,"column":11},"end":{"line":46,"column":null}},"6":{"start":{"line":39,"column":8},"end":{"line":39,"column":50}},"7":{"start":{"line":40,"column":11},"end":{"line":46,"column":null}},"8":{"start":{"line":41,"column":8},"end":{"line":41,"column":47}},"9":{"start":{"line":42,"column":11},"end":{"line":46,"column":null}},"10":{"start":{"line":43,"column":8},"end":{"line":43,"column":46}},"11":{"start":{"line":44,"column":11},"end":{"line":46,"column":null}},"12":{"start":{"line":45,"column":8},"end":{"line":45,"column":57}},"13":{"start":{"line":34,"column":0},"end":{"line":34,"column":16}}},"fnMap":{"0":{"name":"throwError","decl":{"start":{"line":34,"column":16},"end":{"line":34,"column":26}},"loc":{"start":{"line":34,"column":61},"end":{"line":47,"column":1}}}},"branchMap":{"0":{"loc":{"start":{"line":36,"column":4},"end":{"line":46,"column":null}},"type":"if","locations":[{"start":{"line":36,"column":4},"end":{"line":46,"column":null}},{"start":{"line":38,"column":11},"end":{"line":46,"column":null}}]},"1":{"loc":{"start":{"line":38,"column":11},"end":{"line":46,"column":null}},"type":"if","locations":[{"start":{"line":38,"column":11},"end":{"line":46,"column":null}},{"start":{"line":40,"column":11},"end":{"line":46,"column":null}}]},"2":{"loc":{"start":{"line":40,"column":11},"end":{"line":46,"column":null}},"type":"if","locations":[{"start":{"line":40,"column":11},"end":{"line":46,"column":null}},{"start":{"line":42,"column":11},"end":{"line":46,"column":null}}]},"3":{"loc":{"start":{"line":42,"column":11},"end":{"line":46,"column":null}},"type":"if","locations":[{"start":{"line":42,"column":11},"end":{"line":46,"column":null}},{"start":{"line":44,"column":11},"end":{"line":46,"column":null}}]},"4":{"loc":{"start":{"line":44,"column":11},"end":{"line":46,"column":null}},"type":"if","locations":[{"start":{"line":44,"column":11},"end":{"line":46,"column":null}}]}},"s":{"0":1,"1":1,"2":3,"3":3,"4":3,"5":0,"6":0,"7":0,"8":0,"9":0,"10":0,"11":0,"12":0,"13":1},"f":{"0":3},"b":{"0":[3,0],"1":[0,0],"2":[0,0],"3":[0,0],"4":[0]}}
,"/Users/noutecompany/Desktop/classting-assigment/src/decorator/getUser.decorator.ts": {"path":"/Users/noutecompany/Desktop/classting-assigment/src/decorator/getUser.decorator.ts","statementMap":{"0":{"start":{"line":1,"column":0},"end":{"line":1,"column":72}},"1":{"start":{"line":4,"column":13},"end":{"line":8,"column":3}},"2":{"start":{"line":5,"column":16},"end":{"line":5,"column":47}},"3":{"start":{"line":6,"column":19},"end":{"line":6,"column":52}},"4":{"start":{"line":7,"column":4},"end":{"line":7,"column":18}}},"fnMap":{"0":{"name":"(anonymous_0)","decl":{"start":{"line":4,"column":46},"end":{"line":4,"column":47}},"loc":{"start":{"line":4,"column":75},"end":{"line":8,"column":1}}}},"branchMap":{"0":{"loc":{"start":{"line":6,"column":19},"end":{"line":6,"column":52}},"type":"cond-expr","locations":[{"start":{"line":6,"column":30},"end":{"line":6,"column":48}},{"start":{"line":6,"column":51},"end":{"line":6,"column":52}}]}},"s":{"0":0,"1":0,"2":0,"3":0,"4":0},"f":{"0":0},"b":{"0":[0,0]}}
,"/Users/noutecompany/Desktop/classting-assigment/src/guard/guard/accessToken.guard.ts": {"path":"/Users/noutecompany/Desktop/classting-assigment/src/guard/guard/accessToken.guard.ts","statementMap":{"0":{"start":{"line":1,"column":0},"end":{"line":1,"column":67}},"1":{"start":{"line":2,"column":0},"end":{"line":2,"column":45}},"2":{"start":{"line":5,"column":0},"end":{"line":16,"column":null}},"3":{"start":{"line":7,"column":8},"end":{"line":7,"column":16}},"4":{"start":{"line":10,"column":8},"end":{"line":14,"column":null}},"5":{"start":{"line":11,"column":12},"end":{"line":11,"column":46}},"6":{"start":{"line":13,"column":12},"end":{"line":13,"column":24}},"7":{"start":{"line":5,"column":13},"end":{"line":16,"column":null}},"8":{"start":{"line":5,"column":13},"end":{"line":5,"column":29}}},"fnMap":{"0":{"name":"(anonymous_2)","decl":{"start":{"line":6,"column":4},"end":{"line":6,"column":null}},"loc":{"start":{"line":6,"column":4},"end":{"line":8,"column":5}}},"1":{"name":"(anonymous_3)","decl":{"start":{"line":9,"column":4},"end":{"line":9,"column":17}},"loc":{"start":{"line":9,"column":37},"end":{"line":15,"column":5}}}},"branchMap":{"0":{"loc":{"start":{"line":10,"column":8},"end":{"line":14,"column":null}},"type":"if","locations":[{"start":{"line":10,"column":8},"end":{"line":14,"column":null}},{"start":{"line":12,"column":15},"end":{"line":14,"column":null}}]},"1":{"loc":{"start":{"line":10,"column":12},"end":{"line":10,"column":24}},"type":"binary-expr","locations":[{"start":{"line":10,"column":12},"end":{"line":10,"column":15}},{"start":{"line":10,"column":19},"end":{"line":10,"column":24}}]}},"s":{"0":0,"1":0,"2":0,"3":0,"4":0,"5":0,"6":0,"7":0,"8":0},"f":{"0":0,"1":0},"b":{"0":[0,0],"1":[0,0]}}
,"/Users/noutecompany/Desktop/classting-assigment/src/guard/guard/admin.guard.ts": {"path":"/Users/noutecompany/Desktop/classting-assigment/src/guard/guard/admin.guard.ts","statementMap":{"0":{"start":{"line":1,"column":0},"end":{"line":1,"column":98}},"1":{"start":{"line":2,"column":0},"end":{"line":2,"column":60}},"2":{"start":{"line":3,"column":0},"end":{"line":3,"column":64}},"3":{"start":{"line":6,"column":0},"end":{"line":18,"column":null}},"4":{"start":{"line":7,"column":33},"end":{"line":7,"column":49}},"5":{"start":{"line":10,"column":20},"end":{"line":10,"column":51}},"6":{"start":{"line":11,"column":23},"end":{"line":11,"column":38}},"7":{"start":{"line":12,"column":21},"end":{"line":12,"column":66}},"8":{"start":{"line":13,"column":8},"end":{"line":15,"column":null}},"9":{"start":{"line":14,"column":12},"end":{"line":14,"column":35}},"10":{"start":{"line":16,"column":8},"end":{"line":16,"column":20}},"11":{"start":{"line":6,"column":13},"end":{"line":18,"column":null}},"12":{"start":{"line":6,"column":13},"end":{"line":6,"column":23}}},"fnMap":{"0":{"name":"(anonymous_2)","decl":{"start":{"line":7,"column":4},"end":{"line":7,"column":33}},"loc":{"start":{"line":7,"column":63},"end":{"line":7,"column":67}}},"1":{"name":"(anonymous_3)","decl":{"start":{"line":9,"column":4},"end":{"line":9,"column":9}},"loc":{"start":{"line":9,"column":43},"end":{"line":17,"column":5}}}},"branchMap":{"0":{"loc":{"start":{"line":13,"column":8},"end":{"line":15,"column":null}},"type":"if","locations":[{"start":{"line":13,"column":8},"end":{"line":15,"column":null}}]},"1":{"loc":{"start":{"line":13,"column":12},"end":{"line":13,"column":27}},"type":"cond-expr","locations":[{"start":{"line":13,"column":16},"end":{"line":13,"column":18}},{"start":{"line":13,"column":12},"end":{"line":13,"column":27}}]},"2":{"loc":{"start":{"line":13,"column":12},"end":{"line":13,"column":18}},"type":"binary-expr","locations":[{"start":{"line":13,"column":12},"end":{"line":13,"column":18}},{"start":{"line":13,"column":12},"end":{"line":13,"column":18}}]}},"s":{"0":0,"1":0,"2":0,"3":0,"4":0,"5":0,"6":0,"7":0,"8":0,"9":0,"10":0,"11":0,"12":0},"f":{"0":0,"1":0},"b":{"0":[0],"1":[0,0],"2":[0,0]}}
,"/Users/noutecompany/Desktop/classting-assigment/src/guard/strategy/accessToken.strategy.ts": {"path":"/Users/noutecompany/Desktop/classting-assigment/src/guard/strategy/accessToken.strategy.ts","statementMap":{"0":{"start":{"line":1,"column":0},"end":{"line":1,"column":44}},"1":{"start":{"line":2,"column":0},"end":{"line":2,"column":52}},"2":{"start":{"line":3,"column":0},"end":{"line":3,"column":52}},"3":{"start":{"line":12,"column":0},"end":{"line":22,"column":null}},"4":{"start":{"line":14,"column":8},"end":{"line":17,"column":11}},"5":{"start":{"line":20,"column":8},"end":{"line":20,"column":23}},"6":{"start":{"line":12,"column":13},"end":{"line":22,"column":null}},"7":{"start":{"line":12,"column":13},"end":{"line":12,"column":32}}},"fnMap":{"0":{"name":"(anonymous_2)","decl":{"start":{"line":13,"column":4},"end":{"line":13,"column":null}},"loc":{"start":{"line":13,"column":4},"end":{"line":18,"column":5}}},"1":{"name":"(anonymous_3)","decl":{"start":{"line":19,"column":4},"end":{"line":19,"column":9}},"loc":{"start":{"line":19,"column":44},"end":{"line":21,"column":5}}}},"branchMap":{},"s":{"0":0,"1":0,"2":0,"3":0,"4":0,"5":0,"6":0,"7":0},"f":{"0":0,"1":0},"b":{}}
,"/Users/noutecompany/Desktop/classting-assigment/src/interceptor/jwt.interceptor.ts": {"path":"/Users/noutecompany/Desktop/classting-assigment/src/interceptor/jwt.interceptor.ts","statementMap":{"0":{"start":{"line":3,"column":0},"end":{"line":3,"column":38}},"1":{"start":{"line":11,"column":24},"end":{"line":11,"column":59}},"2":{"start":{"line":12,"column":36},"end":{"line":12,"column":68}},"3":{"start":{"line":14,"column":8},"end":{"line":25,"column":null}},"4":{"start":{"line":15,"column":26},"end":{"line":15,"column":58}},"5":{"start":{"line":17,"column":30},"end":{"line":17,"column":56}},"6":{"start":{"line":18,"column":12},"end":{"line":22,"column":15}},"7":{"start":{"line":19,"column":16},"end":{"line":21,"column":null}},"8":{"start":{"line":20,"column":20},"end":{"line":20,"column":43}},"9":{"start":{"line":24,"column":12},"end":{"line":24,"column":35}},"10":{"start":{"line":26,"column":8},"end":{"line":26,"column":29}},"11":{"start":{"line":6,"column":0},"end":{"line":6,"column":13}}},"fnMap":{"0":{"name":"(anonymous_0)","decl":{"start":{"line":7,"column":4},"end":{"line":7,"column":13}},"loc":{"start":{"line":9,"column":30},"end":{"line":27,"column":5}}},"1":{"name":"(anonymous_1)","decl":{"start":{"line":18,"column":37},"end":{"line":18,"column":38}},"loc":{"start":{"line":18,"column":67},"end":{"line":22,"column":13}}}},"branchMap":{"0":{"loc":{"start":{"line":14,"column":8},"end":{"line":25,"column":null}},"type":"if","locations":[{"start":{"line":14,"column":8},"end":{"line":25,"column":null}},{"start":{"line":23,"column":15},"end":{"line":25,"column":null}}]},"1":{"loc":{"start":{"line":14,"column":12},"end":{"line":14,"column":76}},"type":"binary-expr","locations":[{"start":{"line":14,"column":12},"end":{"line":14,"column":31}},{"start":{"line":14,"column":35},"end":{"line":14,"column":76}}]},"2":{"loc":{"start":{"line":19,"column":16},"end":{"line":21,"column":null}},"type":"if","locations":[{"start":{"line":19,"column":16},"end":{"line":21,"column":null}}]}},"s":{"0":0,"1":0,"2":0,"3":0,"4":0,"5":0,"6":0,"7":0,"8":0,"9":0,"10":0,"11":0},"f":{"0":0,"1":0},"b":{"0":[0,0],"1":[0,0],"2":[0]}}
,"/Users/noutecompany/Desktop/classting-assigment/src/interceptor/logging.interceptor.ts": {"path":"/Users/noutecompany/Desktop/classting-assigment/src/interceptor/logging.interceptor.ts","statementMap":{"0":{"start":{"line":1,"column":0},"end":{"line":1,"column":100}},"1":{"start":{"line":3,"column":0},"end":{"line":3,"column":37}},"2":{"start":{"line":6,"column":31},"end":{"line":22,"column":null}},"3":{"start":{"line":7,"column":21},"end":{"line":7,"column":66}},"4":{"start":{"line":10,"column":24},"end":{"line":10,"column":59}},"5":{"start":{"line":11,"column":32},"end":{"line":11,"column":39}},"6":{"start":{"line":13,"column":20},"end":{"line":13,"column":30}},"7":{"start":{"line":15,"column":8},"end":{"line":20,"column":10}},"8":{"start":{"line":17,"column":36},"end":{"line":17,"column":52}},"9":{"start":{"line":18,"column":16},"end":{"line":18,"column":71}},"10":{"start":{"line":6,"column":13},"end":{"line":22,"column":null}},"11":{"start":{"line":6,"column":13},"end":{"line":6,"column":31}}},"fnMap":{"0":{"name":"(anonymous_1)","decl":{"start":{"line":6,"column":0},"end":{"line":6,"column":13}},"loc":{"start":{"line":6,"column":0},"end":{"line":22,"column":1}}},"1":{"name":"(anonymous_2)","decl":{"start":{"line":9,"column":4},"end":{"line":9,"column":13}},"loc":{"start":{"line":9,"column":58},"end":{"line":21,"column":5}}},"2":{"name":"(anonymous_3)","decl":{"start":{"line":16,"column":16},"end":{"line":16,"column":19}},"loc":{"start":{"line":16,"column":21},"end":{"line":19,"column":13}}}},"branchMap":{},"s":{"0":0,"1":0,"2":0,"3":0,"4":0,"5":0,"6":0,"7":0,"8":0,"9":0,"10":0,"11":0},"f":{"0":0,"1":0,"2":0},"b":{}}
,"/Users/noutecompany/Desktop/classting-assigment/src/libs/crypto/crypto.module.ts": {"path":"/Users/noutecompany/Desktop/classting-assigment/src/libs/crypto/crypto.module.ts","statementMap":{"0":{"start":{"line":1,"column":0},"end":{"line":1,"column":63}},"1":{"start":{"line":2,"column":0},"end":{"line":2,"column":49}},"2":{"start":{"line":6,"column":25},"end":{"line":14,"column":null}},"3":{"start":{"line":8,"column":8},"end":{"line":12,"column":10}},"4":{"start":{"line":6,"column":13},"end":{"line":14,"column":null}},"5":{"start":{"line":6,"column":13},"end":{"line":6,"column":25}}},"fnMap":{"0":{"name":"(anonymous_1)","decl":{"start":{"line":7,"column":4},"end":{"line":7,"column":10}},"loc":{"start":{"line":7,"column":18},"end":{"line":13,"column":5}}}},"branchMap":{},"s":{"0":0,"1":0,"2":0,"3":0,"4":0,"5":0},"f":{"0":0},"b":{}}
,"/Users/noutecompany/Desktop/classting-assigment/src/libs/crypto/crypto.service.ts": {"path":"/Users/noutecompany/Desktop/classting-assigment/src/libs/crypto/crypto.service.ts","statementMap":{"0":{"start":{"line":1,"column":0},"end":{"line":1,"column":44}},"1":{"start":{"line":2,"column":0},"end":{"line":2,"column":39}},"2":{"start":{"line":5,"column":0},"end":{"line":19,"column":null}},"3":{"start":{"line":11,"column":4},"end":{"line":14,"column":6}},"4":{"start":{"line":12,"column":29},"end":{"line":12,"column":60}},"5":{"start":{"line":13,"column":8},"end":{"line":13,"column":28}},"6":{"start":{"line":8,"column":8},"end":{"line":8,"column":29}},"7":{"start":{"line":17,"column":8},"end":{"line":17,"column":49}},"8":{"start":{"line":5,"column":13},"end":{"line":19,"column":null}},"9":{"start":{"line":5,"column":13},"end":{"line":5,"column":26}}},"fnMap":{"0":{"name":"(anonymous_2)","decl":{"start":{"line":7,"column":4},"end":{"line":7,"column":null}},"loc":{"start":{"line":7,"column":4},"end":{"line":9,"column":5}}},"1":{"name":"(anonymous_3)","decl":{"start":{"line":11,"column":21},"end":{"line":11,"column":22}},"loc":{"start":{"line":11,"column":59},"end":{"line":14,"column":5}}},"2":{"name":"(anonymous_4)","decl":{"start":{"line":16,"column":4},"end":{"line":16,"column":9}},"loc":{"start":{"line":16,"column":66},"end":{"line":18,"column":5}}}},"branchMap":{},"s":{"0":0,"1":0,"2":0,"3":0,"4":0,"5":0,"6":0,"7":0,"8":0,"9":0},"f":{"0":0,"1":0,"2":0},"b":{}}
,"/Users/noutecompany/Desktop/classting-assigment/src/libs/jwt/jwt.module.ts": {"path":"/Users/noutecompany/Desktop/classting-assigment/src/libs/jwt/jwt.module.ts","statementMap":{"0":{"start":{"line":1,"column":0},"end":{"line":1,"column":63}},"1":{"start":{"line":2,"column":0},"end":{"line":2,"column":43}},"2":{"start":{"line":3,"column":0},"end":{"line":3,"column":48}},"3":{"start":{"line":4,"column":0},"end":{"line":4,"column":66}},"4":{"start":{"line":5,"column":0},"end":{"line":5,"column":46}},"5":{"start":{"line":6,"column":0},"end":{"line":6,"column":78}},"6":{"start":{"line":10,"column":22},"end":{"line":19,"column":null}},"7":{"start":{"line":12,"column":8},"end":{"line":17,"column":10}},"8":{"start":{"line":10,"column":13},"end":{"line":19,"column":null}},"9":{"start":{"line":10,"column":13},"end":{"line":10,"column":22}}},"fnMap":{"0":{"name":"(anonymous_1)","decl":{"start":{"line":11,"column":4},"end":{"line":11,"column":10}},"loc":{"start":{"line":11,"column":18},"end":{"line":18,"column":5}}}},"branchMap":{},"s":{"0":0,"1":0,"2":0,"3":0,"4":0,"5":0,"6":0,"7":0,"8":0,"9":0},"f":{"0":0},"b":{}}
,"/Users/noutecompany/Desktop/classting-assigment/src/libs/jwt/jwt.service.ts": {"path":"/Users/noutecompany/Desktop/classting-assigment/src/libs/jwt/jwt.service.ts","statementMap":{"0":{"start":{"line":1,"column":0},"end":{"line":1,"column":44}},"1":{"start":{"line":2,"column":0},"end":{"line":2,"column":56}},"2":{"start":{"line":5,"column":0},"end":{"line":35,"column":null}},"3":{"start":{"line":8,"column":8},"end":{"line":8,"column":86}},"4":{"start":{"line":12,"column":28},"end":{"line":12,"column":81}},"5":{"start":{"line":13,"column":29},"end":{"line":13,"column":82}},"6":{"start":{"line":15,"column":21},"end":{"line":18,"column":10}},"7":{"start":{"line":20,"column":8},"end":{"line":20,"column":20}},"8":{"start":{"line":24,"column":78},"end":{"line":27,"column":10}},"9":{"start":{"line":28,"column":8},"end":{"line":31,"column":11}},"10":{"start":{"line":29,"column":12},"end":{"line":30,"column":52}},"11":{"start":{"line":29,"column":21},"end":{"line":29,"column":62}},"12":{"start":{"line":30,"column":17},"end":{"line":30,"column":52}},"13":{"start":{"line":33,"column":8},"end":{"line":33,"column":20}},"14":{"start":{"line":5,"column":13},"end":{"line":35,"column":null}},"15":{"start":{"line":5,"column":13},"end":{"line":5,"column":23}}},"fnMap":{"0":{"name":"(anonymous_2)","decl":{"start":{"line":7,"column":4},"end":{"line":7,"column":null}},"loc":{"start":{"line":7,"column":4},"end":{"line":9,"column":5}}},"1":{"name":"(anonymous_3)","decl":{"start":{"line":11,"column":4},"end":{"line":11,"column":12}},"loc":{"start":{"line":11,"column":27},"end":{"line":21,"column":5}}},"2":{"name":"(anonymous_4)","decl":{"start":{"line":23,"column":4},"end":{"line":23,"column":15}},"loc":{"start":{"line":23,"column":29},"end":{"line":34,"column":5}}},"3":{"name":"(anonymous_5)","decl":{"start":{"line":28,"column":38},"end":{"line":28,"column":43}},"loc":{"start":{"line":28,"column":58},"end":{"line":31,"column":9}}}},"branchMap":{"0":{"loc":{"start":{"line":8,"column":25},"end":{"line":8,"column":85}},"type":"cond-expr","locations":[{"start":{"line":8,"column":54},"end":{"line":8,"column":80}},{"start":{"line":8,"column":83},"end":{"line":8,"column":85}}]},"1":{"loc":{"start":{"line":29,"column":12},"end":{"line":30,"column":52}},"type":"if","locations":[{"start":{"line":29,"column":12},"end":{"line":30,"column":52}},{"start":{"line":30,"column":17},"end":{"line":30,"column":52}}]}},"s":{"0":0,"1":0,"2":0,"3":0,"4":0,"5":0,"6":0,"7":0,"8":0,"9":0,"10":0,"11":0,"12":0,"13":0,"14":0,"15":0},"f":{"0":0,"1":0,"2":0,"3":0},"b":{"0":[0,0],"1":[0,0]}}
,"/Users/noutecompany/Desktop/classting-assigment/src/models/Notice.entity.ts": {"path":"/Users/noutecompany/Desktop/classting-assigment/src/models/Notice.entity.ts","statementMap":{"0":{"start":{"line":1,"column":0},"end":{"line":1,"column":65}},"1":{"start":{"line":4,"column":0},"end":{"line":19,"column":null}},"2":{"start":{"line":6,"column":4},"end":{"line":6,"column":null}},"3":{"start":{"line":9,"column":4},"end":{"line":9,"column":null}},"4":{"start":{"line":12,"column":4},"end":{"line":12,"column":null}},"5":{"start":{"line":15,"column":4},"end":{"line":15,"column":null}},"6":{"start":{"line":18,"column":4},"end":{"line":18,"column":null}},"7":{"start":{"line":4,"column":13},"end":{"line":19,"column":null}},"8":{"start":{"line":4,"column":13},"end":{"line":4,"column":19}}},"fnMap":{},"branchMap":{},"s":{"0":0,"1":0,"2":0,"3":0,"4":0,"5":0,"6":0,"7":0,"8":0},"f":{},"b":{}}
,"/Users/noutecompany/Desktop/classting-assigment/src/models/Role.entity.ts": {"path":"/Users/noutecompany/Desktop/classting-assigment/src/models/Role.entity.ts","statementMap":{"0":{"start":{"line":1,"column":0},"end":{"line":1,"column":null}},"1":{"start":{"line":9,"column":0},"end":{"line":9,"column":37}},"2":{"start":{"line":12,"column":0},"end":{"line":27,"column":null}},"3":{"start":{"line":14,"column":4},"end":{"line":14,"column":null}},"4":{"start":{"line":17,"column":4},"end":{"line":17,"column":null}},"5":{"start":{"line":20,"column":4},"end":{"line":20,"column":null}},"6":{"start":{"line":23,"column":4},"end":{"line":23,"column":null}},"7":{"start":{"line":26,"column":4},"end":{"line":26,"column":null}},"8":{"start":{"line":25,"column":20},"end":{"line":25,"column":24}},"9":{"start":{"line":25,"column":36},"end":{"line":25,"column":45}},"10":{"start":{"line":12,"column":13},"end":{"line":27,"column":null}},"11":{"start":{"line":12,"column":13},"end":{"line":12,"column":17}}},"fnMap":{"0":{"name":"(anonymous_2)","decl":{"start":{"line":25,"column":14},"end":{"line":25,"column":17}},"loc":{"start":{"line":25,"column":20},"end":{"line":25,"column":24}}},"1":{"name":"(anonymous_3)","decl":{"start":{"line":25,"column":26},"end":{"line":25,"column":27}},"loc":{"start":{"line":25,"column":36},"end":{"line":25,"column":45}}}},"branchMap":{},"s":{"0":1,"1":1,"2":1,"3":1,"4":1,"5":1,"6":1,"7":1,"8":0,"9":0,"10":1,"11":1},"f":{"0":0,"1":0},"b":{}}
,"/Users/noutecompany/Desktop/classting-assigment/src/models/School.entity.ts": {"path":"/Users/noutecompany/Desktop/classting-assigment/src/models/School.entity.ts","statementMap":{"0":{"start":{"line":1,"column":0},"end":{"line":1,"column":null}},"1":{"start":{"line":10,"column":0},"end":{"line":10,"column":37}},"2":{"start":{"line":12,"column":0},"end":{"line":12,"column":null}},"3":{"start":{"line":13,"column":4},"end":{"line":13,"column":null}},"4":{"start":{"line":14,"column":4},"end":{"line":14,"column":null}},"5":{"start":{"line":15,"column":4},"end":{"line":15,"column":null}},"6":{"start":{"line":16,"column":4},"end":{"line":16,"column":null}},"7":{"start":{"line":17,"column":4},"end":{"line":17,"column":null}},"8":{"start":{"line":18,"column":4},"end":{"line":18,"column":null}},"9":{"start":{"line":19,"column":4},"end":{"line":19,"column":null}},"10":{"start":{"line":20,"column":4},"end":{"line":20,"column":null}},"11":{"start":{"line":24,"column":0},"end":{"line":43,"column":null}},"12":{"start":{"line":26,"column":4},"end":{"line":26,"column":null}},"13":{"start":{"line":29,"column":4},"end":{"line":29,"column":null}},"14":{"start":{"line":32,"column":4},"end":{"line":32,"column":null}},"15":{"start":{"line":36,"column":4},"end":{"line":36,"column":null}},"16":{"start":{"line":34,"column":20},"end":{"line":34,"column":24}},"17":{"start":{"line":34,"column":36},"end":{"line":34,"column":47}},"18":{"start":{"line":39,"column":4},"end":{"line":39,"column":null}},"19":{"start":{"line":42,"column":4},"end":{"line":42,"column":null}},"20":{"start":{"line":24,"column":13},"end":{"line":43,"column":null}},"21":{"start":{"line":24,"column":13},"end":{"line":24,"column":19}}},"fnMap":{"0":{"name":"(anonymous_2)","decl":{"start":{"line":12,"column":0},"end":{"line":12,"column":12}},"loc":{"start":{"line":12,"column":20},"end":{"line":21,"column":1}}},"1":{"name":"(anonymous_3)","decl":{"start":{"line":34,"column":14},"end":{"line":34,"column":17}},"loc":{"start":{"line":34,"column":20},"end":{"line":34,"column":24}}},"2":{"name":"(anonymous_4)","decl":{"start":{"line":34,"column":26},"end":{"line":34,"column":27}},"loc":{"start":{"line":34,"column":36},"end":{"line":34,"column":47}}}},"branchMap":{"0":{"loc":{"start":{"line":12,"column":12},"end":{"line":12,"column":null}},"type":"binary-expr","locations":[{"start":{"line":12,"column":12},"end":{"line":12,"column":20}},{"start":{"line":12,"column":12},"end":{"line":12,"column":null}}]}},"s":{"0":1,"1":1,"2":1,"3":1,"4":1,"5":1,"6":1,"7":1,"8":1,"9":1,"10":1,"11":1,"12":1,"13":1,"14":1,"15":1,"16":0,"17":0,"18":1,"19":1,"20":1,"21":1},"f":{"0":1,"1":0,"2":0},"b":{"0":[1,1]}}
,"/Users/noutecompany/Desktop/classting-assigment/src/models/Subscribe.entity.ts": {"path":"/Users/noutecompany/Desktop/classting-assigment/src/models/Subscribe.entity.ts","statementMap":{"0":{"start":{"line":1,"column":0},"end":{"line":1,"column":103}},"1":{"start":{"line":2,"column":0},"end":{"line":2,"column":41}},"2":{"start":{"line":3,"column":0},"end":{"line":3,"column":37}},"3":{"start":{"line":6,"column":0},"end":{"line":33,"column":null}},"4":{"start":{"line":8,"column":4},"end":{"line":8,"column":null}},"5":{"start":{"line":11,"column":4},"end":{"line":11,"column":null}},"6":{"start":{"line":14,"column":4},"end":{"line":14,"column":null}},"7":{"start":{"line":13,"column":21},"end":{"line":13,"column":27}},"8":{"start":{"line":17,"column":4},"end":{"line":17,"column":null}},"9":{"start":{"line":16,"column":21},"end":{"line":16,"column":25}},"10":{"start":{"line":20,"column":4},"end":{"line":20,"column":null}},"11":{"start":{"line":23,"column":4},"end":{"line":23,"column":null}},"12":{"start":{"line":26,"column":4},"end":{"line":26,"column":null}},"13":{"start":{"line":29,"column":4},"end":{"line":29,"column":null}},"14":{"start":{"line":32,"column":4},"end":{"line":32,"column":null}},"15":{"start":{"line":6,"column":13},"end":{"line":33,"column":null}},"16":{"start":{"line":6,"column":13},"end":{"line":6,"column":22}}},"fnMap":{"0":{"name":"(anonymous_2)","decl":{"start":{"line":13,"column":15},"end":{"line":13,"column":18}},"loc":{"start":{"line":13,"column":21},"end":{"line":13,"column":27}}},"1":{"name":"(anonymous_3)","decl":{"start":{"line":16,"column":15},"end":{"line":16,"column":18}},"loc":{"start":{"line":16,"column":21},"end":{"line":16,"column":25}}}},"branchMap":{},"s":{"0":1,"1":1,"2":1,"3":1,"4":1,"5":1,"6":1,"7":0,"8":1,"9":0,"10":1,"11":1,"12":1,"13":1,"14":1,"15":1,"16":1},"f":{"0":0,"1":0},"b":{}}
,"/Users/noutecompany/Desktop/classting-assigment/src/models/User.entity.ts": {"path":"/Users/noutecompany/Desktop/classting-assigment/src/models/User.entity.ts","statementMap":{"0":{"start":{"line":1,"column":0},"end":{"line":1,"column":null}},"1":{"start":{"line":10,"column":0},"end":{"line":10,"column":37}},"2":{"start":{"line":11,"column":0},"end":{"line":11,"column":41}},"3":{"start":{"line":14,"column":0},"end":{"line":39,"column":null}},"4":{"start":{"line":16,"column":4},"end":{"line":16,"column":null}},"5":{"start":{"line":19,"column":4},"end":{"line":19,"column":null}},"6":{"start":{"line":22,"column":4},"end":{"line":22,"column":null}},"7":{"start":{"line":25,"column":4},"end":{"line":25,"column":null}},"8":{"start":{"line":29,"column":4},"end":{"line":29,"column":null}},"9":{"start":{"line":27,"column":20},"end":{"line":27,"column":24}},"10":{"start":{"line":27,"column":36},"end":{"line":27,"column":45}},"11":{"start":{"line":32,"column":4},"end":{"line":32,"column":null}},"12":{"start":{"line":35,"column":4},"end":{"line":35,"column":null}},"13":{"start":{"line":38,"column":4},"end":{"line":38,"column":null}},"14":{"start":{"line":37,"column":20},"end":{"line":37,"column":26}},"15":{"start":{"line":37,"column":40},"end":{"line":37,"column":51}},"16":{"start":{"line":14,"column":13},"end":{"line":39,"column":null}},"17":{"start":{"line":14,"column":13},"end":{"line":14,"column":17}}},"fnMap":{"0":{"name":"(anonymous_2)","decl":{"start":{"line":27,"column":14},"end":{"line":27,"column":17}},"loc":{"start":{"line":27,"column":20},"end":{"line":27,"column":24}}},"1":{"name":"(anonymous_3)","decl":{"start":{"line":27,"column":26},"end":{"line":27,"column":27}},"loc":{"start":{"line":27,"column":36},"end":{"line":27,"column":45}}},"2":{"name":"(anonymous_4)","decl":{"start":{"line":37,"column":14},"end":{"line":37,"column":17}},"loc":{"start":{"line":37,"column":20},"end":{"line":37,"column":26}}},"3":{"name":"(anonymous_5)","decl":{"start":{"line":37,"column":28},"end":{"line":37,"column":29}},"loc":{"start":{"line":37,"column":40},"end":{"line":37,"column":51}}}},"branchMap":{},"s":{"0":1,"1":1,"2":1,"3":1,"4":1,"5":1,"6":1,"7":1,"8":1,"9":0,"10":0,"11":1,"12":1,"13":1,"14":0,"15":0,"16":1,"17":1},"f":{"0":0,"1":0,"2":0,"3":0},"b":{}}
,"/Users/noutecompany/Desktop/classting-assigment/src/modules/index.module.ts": {"path":"/Users/noutecompany/Desktop/classting-assigment/src/modules/index.module.ts","statementMap":{"0":{"start":{"line":1,"column":0},"end":{"line":1,"column":40}},"1":{"start":{"line":2,"column":0},"end":{"line":2,"column":48}},"2":{"start":{"line":3,"column":0},"end":{"line":3,"column":54}},"3":{"start":{"line":4,"column":0},"end":{"line":4,"column":54}},"4":{"start":{"line":5,"column":0},"end":{"line":5,"column":48}},"5":{"start":{"line":10,"column":0},"end":{"line":10,"column":null}},"6":{"start":{"line":10,"column":13},"end":{"line":10,"column":null}},"7":{"start":{"line":10,"column":13},"end":{"line":10,"column":24}}},"fnMap":{},"branchMap":{},"s":{"0":0,"1":0,"2":0,"3":0,"4":0,"5":0,"6":0,"7":0},"f":{},"b":{}}
,"/Users/noutecompany/Desktop/classting-assigment/src/modules/auth/auth.controller.ts": {"path":"/Users/noutecompany/Desktop/classting-assigment/src/modules/auth/auth.controller.ts","statementMap":{"0":{"start":{"line":1,"column":0},"end":{"line":1,"column":56}},"1":{"start":{"line":2,"column":0},"end":{"line":2,"column":47}},"2":{"start":{"line":3,"column":0},"end":{"line":3,"column":74}},"3":{"start":{"line":4,"column":0},"end":{"line":4,"column":74}},"4":{"start":{"line":5,"column":0},"end":{"line":5,"column":45}},"5":{"start":{"line":8,"column":0},"end":{"line":22,"column":null}},"6":{"start":{"line":9,"column":33},"end":{"line":9,"column":46}},"7":{"start":{"line":14,"column":8},"end":{"line":14,"column":51}},"8":{"start":{"line":20,"column":8},"end":{"line":20,"column":51}},"9":{"start":{"line":13,"column":4},"end":{"line":15,"column":null}},"10":{"start":{"line":19,"column":4},"end":{"line":21,"column":null}},"11":{"start":{"line":8,"column":13},"end":{"line":22,"column":null}},"12":{"start":{"line":8,"column":13},"end":{"line":8,"column":27}}},"fnMap":{"0":{"name":"(anonymous_4)","decl":{"start":{"line":9,"column":4},"end":{"line":9,"column":33}},"loc":{"start":{"line":9,"column":57},"end":{"line":9,"column":61}}},"1":{"name":"(anonymous_5)","decl":{"start":{"line":13,"column":4},"end":{"line":13,"column":9}},"loc":{"start":{"line":13,"column":47},"end":{"line":15,"column":5}}},"2":{"name":"(anonymous_6)","decl":{"start":{"line":19,"column":4},"end":{"line":19,"column":9}},"loc":{"start":{"line":19,"column":47},"end":{"line":21,"column":5}}}},"branchMap":{},"s":{"0":0,"1":0,"2":0,"3":0,"4":0,"5":0,"6":0,"7":0,"8":0,"9":0,"10":0,"11":0,"12":0},"f":{"0":0,"1":0,"2":0},"b":{}}
,"/Users/noutecompany/Desktop/classting-assigment/src/modules/auth/auth.module.ts": {"path":"/Users/noutecompany/Desktop/classting-assigment/src/modules/auth/auth.module.ts","statementMap":{"0":{"start":{"line":1,"column":0},"end":{"line":1,"column":40}},"1":{"start":{"line":2,"column":0},"end":{"line":2,"column":51}},"2":{"start":{"line":3,"column":0},"end":{"line":3,"column":45}},"3":{"start":{"line":4,"column":0},"end":{"line":4,"column":63}},"4":{"start":{"line":5,"column":0},"end":{"line":5,"column":64}},"5":{"start":{"line":6,"column":0},"end":{"line":6,"column":54}},"6":{"start":{"line":7,"column":0},"end":{"line":7,"column":46}},"7":{"start":{"line":8,"column":0},"end":{"line":8,"column":48}},"8":{"start":{"line":9,"column":0},"end":{"line":9,"column":46}},"9":{"start":{"line":10,"column":0},"end":{"line":10,"column":64}},"10":{"start":{"line":17,"column":0},"end":{"line":17,"column":null}},"11":{"start":{"line":17,"column":13},"end":{"line":17,"column":null}},"12":{"start":{"line":17,"column":13},"end":{"line":17,"column":23}}},"fnMap":{},"branchMap":{},"s":{"0":0,"1":0,"2":0,"3":0,"4":0,"5":0,"6":0,"7":0,"8":0,"9":0,"10":0,"11":0,"12":0},"f":{},"b":{}}
,"/Users/noutecompany/Desktop/classting-assigment/src/modules/auth/auth.service.ts": {"path":"/Users/noutecompany/Desktop/classting-assigment/src/modules/auth/auth.service.ts","statementMap":{"0":{"start":{"line":1,"column":0},"end":{"line":1,"column":44}},"1":{"start":{"line":3,"column":0},"end":{"line":3,"column":60}},"2":{"start":{"line":4,"column":0},"end":{"line":4,"column":54}},"3":{"start":{"line":5,"column":0},"end":{"line":5,"column":63}},"4":{"start":{"line":6,"column":0},"end":{"line":6,"column":64}},"5":{"start":{"line":8,"column":0},"end":{"line":8,"column":64}},"6":{"start":{"line":11,"column":0},"end":{"line":59,"column":null}},"7":{"start":{"line":13,"column":25},"end":{"line":13,"column":37}},"8":{"start":{"line":14,"column":25},"end":{"line":14,"column":40}},"9":{"start":{"line":15,"column":25},"end":{"line":15,"column":41}},"10":{"start":{"line":16,"column":25},"end":{"line":16,"column":41}},"11":{"start":{"line":20,"column":42},"end":{"line":20,"column":46}},"12":{"start":{"line":23,"column":29},"end":{"line":23,"column":78}},"13":{"start":{"line":24,"column":21},"end":{"line":24,"column":49}},"14":{"start":{"line":25,"column":8},"end":{"line":25,"column":27}},"15":{"start":{"line":26,"column":8},"end":{"line":26,"column":37}},"16":{"start":{"line":27,"column":8},"end":{"line":27,"column":25}},"17":{"start":{"line":30,"column":21},"end":{"line":30,"column":68}},"18":{"start":{"line":31,"column":8},"end":{"line":33,"column":null}},"19":{"start":{"line":32,"column":12},"end":{"line":32,"column":41}},"20":{"start":{"line":34,"column":8},"end":{"line":34,"column":25}},"21":{"start":{"line":35,"column":8},"end":{"line":35,"column":45}},"22":{"start":{"line":36,"column":8},"end":{"line":36,"column":45}},"23":{"start":{"line":41,"column":36},"end":{"line":41,"column":40}},"24":{"start":{"line":43,"column":21},"end":{"line":43,"column":68}},"25":{"start":{"line":44,"column":8},"end":{"line":47,"column":null}},"26":{"start":{"line":46,"column":12},"end":{"line":46,"column":42}},"27":{"start":{"line":50,"column":23},"end":{"line":50,"column":88}},"28":{"start":{"line":51,"column":8},"end":{"line":53,"column":null}},"29":{"start":{"line":52,"column":12},"end":{"line":52,"column":42}},"30":{"start":{"line":55,"column":23},"end":{"line":55,"column":30}},"31":{"start":{"line":56,"column":46},"end":{"line":56,"column":78}},"32":{"start":{"line":57,"column":8},"end":{"line":57,"column":70}},"33":{"start":{"line":11,"column":13},"end":{"line":59,"column":null}},"34":{"start":{"line":11,"column":13},"end":{"line":11,"column":24}}},"fnMap":{"0":{"name":"(anonymous_2)","decl":{"start":{"line":12,"column":4},"end":{"line":12,"column":null}},"loc":{"start":{"line":16,"column":55},"end":{"line":17,"column":8}}},"1":{"name":"(anonymous_3)","decl":{"start":{"line":19,"column":4},"end":{"line":19,"column":9}},"loc":{"start":{"line":19,"column":39},"end":{"line":37,"column":5}}},"2":{"name":"(anonymous_4)","decl":{"start":{"line":40,"column":4},"end":{"line":40,"column":9}},"loc":{"start":{"line":40,"column":39},"end":{"line":58,"column":5}}}},"branchMap":{"0":{"loc":{"start":{"line":31,"column":8},"end":{"line":33,"column":null}},"type":"if","locations":[{"start":{"line":31,"column":8},"end":{"line":33,"column":null}}]},"1":{"loc":{"start":{"line":44,"column":8},"end":{"line":47,"column":null}},"type":"if","locations":[{"start":{"line":44,"column":8},"end":{"line":47,"column":null}}]},"2":{"loc":{"start":{"line":51,"column":8},"end":{"line":53,"column":null}},"type":"if","locations":[{"start":{"line":51,"column":8},"end":{"line":53,"column":null}}]}},"s":{"0":0,"1":0,"2":0,"3":0,"4":0,"5":0,"6":0,"7":0,"8":0,"9":0,"10":0,"11":0,"12":0,"13":0,"14":0,"15":0,"16":0,"17":0,"18":0,"19":0,"20":0,"21":0,"22":0,"23":0,"24":0,"25":0,"26":0,"27":0,"28":0,"29":0,"30":0,"31":0,"32":0,"33":0,"34":0},"f":{"0":0,"1":0,"2":0},"b":{"0":[0],"1":[0],"2":[0]}}
,"/Users/noutecompany/Desktop/classting-assigment/src/modules/notice/notice.controller.ts": {"path":"/Users/noutecompany/Desktop/classting-assigment/src/modules/notice/notice.controller.ts","statementMap":{"0":{"start":{"line":1,"column":0},"end":{"line":1,"column":44}},"1":{"start":{"line":4,"column":0},"end":{"line":4,"column":null}},"2":{"start":{"line":4,"column":13},"end":{"line":4,"column":null}},"3":{"start":{"line":4,"column":13},"end":{"line":4,"column":29}}},"fnMap":{},"branchMap":{},"s":{"0":0,"1":0,"2":0,"3":0},"f":{},"b":{}}
,"/Users/noutecompany/Desktop/classting-assigment/src/modules/notice/notice.module.ts": {"path":"/Users/noutecompany/Desktop/classting-assigment/src/modules/notice/notice.module.ts","statementMap":{"0":{"start":{"line":1,"column":0},"end":{"line":1,"column":40}},"1":{"start":{"line":2,"column":0},"end":{"line":2,"column":49}},"2":{"start":{"line":3,"column":0},"end":{"line":3,"column":55}},"3":{"start":{"line":9,"column":0},"end":{"line":9,"column":null}},"4":{"start":{"line":9,"column":13},"end":{"line":9,"column":null}},"5":{"start":{"line":9,"column":13},"end":{"line":9,"column":25}}},"fnMap":{},"branchMap":{},"s":{"0":0,"1":0,"2":0,"3":0,"4":0,"5":0},"f":{},"b":{}}
,"/Users/noutecompany/Desktop/classting-assigment/src/modules/notice/notice.service.ts": {"path":"/Users/noutecompany/Desktop/classting-assigment/src/modules/notice/notice.service.ts","statementMap":{"0":{"start":{"line":1,"column":0},"end":{"line":1,"column":44}},"1":{"start":{"line":4,"column":0},"end":{"line":4,"column":null}},"2":{"start":{"line":4,"column":13},"end":{"line":4,"column":null}},"3":{"start":{"line":4,"column":13},"end":{"line":4,"column":26}}},"fnMap":{},"branchMap":{},"s":{"0":0,"1":0,"2":0,"3":0},"f":{},"b":{}}
,"/Users/noutecompany/Desktop/classting-assigment/src/modules/school/school.controller.ts": {"path":"/Users/noutecompany/Desktop/classting-assigment/src/modules/school/school.controller.ts","statementMap":{"0":{"start":{"line":1,"column":0},"end":{"line":1,"column":108}},"1":{"start":{"line":2,"column":0},"end":{"line":2,"column":49}},"2":{"start":{"line":3,"column":0},"end":{"line":3,"column":69}},"3":{"start":{"line":4,"column":0},"end":{"line":4,"column":57}},"4":{"start":{"line":5,"column":0},"end":{"line":5,"column":60}},"5":{"start":{"line":6,"column":0},"end":{"line":6,"column":78}},"6":{"start":{"line":7,"column":0},"end":{"line":7,"column":71}},"7":{"start":{"line":10,"column":0},"end":{"line":40,"column":null}},"8":{"start":{"line":11,"column":33},"end":{"line":11,"column":48}},"9":{"start":{"line":16,"column":8},"end":{"line":16,"column":61}},"10":{"start":{"line":23,"column":8},"end":{"line":23,"column":66}},"11":{"start":{"line":29,"column":8},"end":{"line":29,"column":74}},"12":{"start":{"line":38,"column":8},"end":{"line":38,"column":75}},"13":{"start":{"line":15,"column":4},"end":{"line":17,"column":null}},"14":{"start":{"line":22,"column":4},"end":{"line":24,"column":null}},"15":{"start":{"line":28,"column":4},"end":{"line":30,"column":null}},"16":{"start":{"line":34,"column":4},"end":{"line":39,"column":null}},"17":{"start":{"line":10,"column":13},"end":{"line":40,"column":null}},"18":{"start":{"line":10,"column":13},"end":{"line":10,"column":28}}},"fnMap":{"0":{"name":"(anonymous_4)","decl":{"start":{"line":11,"column":4},"end":{"line":11,"column":33}},"loc":{"start":{"line":11,"column":61},"end":{"line":11,"column":65}}},"1":{"name":"(anonymous_5)","decl":{"start":{"line":15,"column":4},"end":{"line":15,"column":9}},"loc":{"start":{"line":15,"column":86},"end":{"line":17,"column":5}}},"2":{"name":"(anonymous_6)","decl":{"start":{"line":22,"column":4},"end":{"line":22,"column":9}},"loc":{"start":{"line":22,"column":83},"end":{"line":24,"column":5}}},"3":{"name":"(anonymous_7)","decl":{"start":{"line":28,"column":4},"end":{"line":28,"column":9}},"loc":{"start":{"line":28,"column":104},"end":{"line":30,"column":5}}},"4":{"name":"(anonymous_8)","decl":{"start":{"line":34,"column":4},"end":{"line":34,"column":9}},"loc":{"start":{"line":36,"column":35},"end":{"line":39,"column":5}}}},"branchMap":{},"s":{"0":0,"1":0,"2":0,"3":0,"4":0,"5":0,"6":0,"7":0,"8":0,"9":0,"10":0,"11":0,"12":0,"13":0,"14":0,"15":0,"16":0,"17":0,"18":0},"f":{"0":0,"1":0,"2":0,"3":0,"4":0},"b":{}}
,"/Users/noutecompany/Desktop/classting-assigment/src/modules/school/school.module.ts": {"path":"/Users/noutecompany/Desktop/classting-assigment/src/modules/school/school.module.ts","statementMap":{"0":{"start":{"line":1,"column":0},"end":{"line":1,"column":40}},"1":{"start":{"line":2,"column":0},"end":{"line":2,"column":49}},"2":{"start":{"line":3,"column":0},"end":{"line":3,"column":54}},"3":{"start":{"line":4,"column":0},"end":{"line":4,"column":48}},"4":{"start":{"line":5,"column":0},"end":{"line":5,"column":48}},"5":{"start":{"line":6,"column":0},"end":{"line":6,"column":52}},"6":{"start":{"line":7,"column":0},"end":{"line":7,"column":58}},"7":{"start":{"line":8,"column":0},"end":{"line":8,"column":70}},"8":{"start":{"line":9,"column":0},"end":{"line":9,"column":66}},"9":{"start":{"line":10,"column":0},"end":{"line":10,"column":76}},"10":{"start":{"line":17,"column":0},"end":{"line":17,"column":null}},"11":{"start":{"line":17,"column":13},"end":{"line":17,"column":null}},"12":{"start":{"line":17,"column":13},"end":{"line":17,"column":25}}},"fnMap":{},"branchMap":{},"s":{"0":0,"1":0,"2":0,"3":0,"4":0,"5":0,"6":0,"7":0,"8":0,"9":0,"10":0,"11":0,"12":0},"f":{},"b":{}}
,"/Users/noutecompany/Desktop/classting-assigment/src/modules/school/school.service.ts": {"path":"/Users/noutecompany/Desktop/classting-assigment/src/modules/school/school.service.ts","statementMap":{"0":{"start":{"line":1,"column":0},"end":{"line":1,"column":44}},"1":{"start":{"line":2,"column":0},"end":{"line":2,"column":70}},"2":{"start":{"line":3,"column":0},"end":{"line":3,"column":66}},"3":{"start":{"line":6,"column":0},"end":{"line":6,"column":62}},"4":{"start":{"line":9,"column":0},"end":{"line":9,"column":76}},"5":{"start":{"line":12,"column":0},"end":{"line":147,"column":null}},"6":{"start":{"line":14,"column":25},"end":{"line":14,"column":41}},"7":{"start":{"line":15,"column":25},"end":{"line":15,"column":43}},"8":{"start":{"line":16,"column":25},"end":{"line":16,"column":46}},"9":{"start":{"line":21,"column":35},"end":{"line":21,"column":39}},"10":{"start":{"line":23,"column":21},"end":{"line":23,"column":66}},"11":{"start":{"line":24,"column":8},"end":{"line":26,"column":null}},"12":{"start":{"line":25,"column":12},"end":{"line":25,"column":42}},"13":{"start":{"line":28,"column":8},"end":{"line":28,"column":49}},"14":{"start":{"line":30,"column":27},"end":{"line":34,"column":10}},"15":{"start":{"line":35,"column":8},"end":{"line":35,"column":55}},"16":{"start":{"line":36,"column":8},"end":{"line":36,"column":45}},"17":{"start":{"line":41,"column":21},"end":{"line":41,"column":66}},"18":{"start":{"line":42,"column":8},"end":{"line":44,"column":null}},"19":{"start":{"line":43,"column":12},"end":{"line":43,"column":42}},"20":{"start":{"line":45,"column":30},"end":{"line":45,"column":86}},"21":{"start":{"line":46,"column":42},"end":{"line":46,"column":44}},"22":{"start":{"line":47,"column":8},"end":{"line":61,"column":null}},"23":{"start":{"line":48,"column":29},"end":{"line":48,"column":35}},"24":{"start":{"line":49,"column":33},"end":{"line":49,"column":38}},"25":{"start":{"line":51,"column":12},"end":{"line":53,"column":null}},"26":{"start":{"line":52,"column":34},"end":{"line":52,"column":100}},"27":{"start":{"line":54,"column":12},"end":{"line":60,"column":15}},"28":{"start":{"line":62,"column":8},"end":{"line":62,"column":57}},"29":{"start":{"line":70,"column":21},"end":{"line":70,"column":66}},"30":{"start":{"line":71,"column":8},"end":{"line":73,"column":null}},"31":{"start":{"line":72,"column":12},"end":{"line":72,"column":42}},"32":{"start":{"line":74,"column":23},"end":{"line":74,"column":78}},"33":{"start":{"line":75,"column":8},"end":{"line":77,"column":null}},"34":{"start":{"line":76,"column":12},"end":{"line":76,"column":42}},"35":{"start":{"line":80,"column":8},"end":{"line":80,"column":56}},"36":{"start":{"line":83,"column":26},"end":{"line":83,"column":101}},"37":{"start":{"line":84,"column":8},"end":{"line":91,"column":null}},"38":{"start":{"line":85,"column":12},"end":{"line":85,"column":39}},"39":{"start":{"line":86,"column":12},"end":{"line":86,"column":49}},"40":{"start":{"line":87,"column":12},"end":{"line":87,"column":45}},"41":{"start":{"line":88,"column":12},"end":{"line":88,"column":59}},"42":{"start":{"line":90,"column":12},"end":{"line":90,"column":64}},"43":{"start":{"line":92,"column":8},"end":{"line":92,"column":45}},"44":{"start":{"line":100,"column":21},"end":{"line":100,"column":66}},"45":{"start":{"line":101,"column":8},"end":{"line":103,"column":null}},"46":{"start":{"line":102,"column":12},"end":{"line":102,"column":42}},"47":{"start":{"line":104,"column":23},"end":{"line":104,"column":78}},"48":{"start":{"line":105,"column":8},"end":{"line":107,"column":null}},"49":{"start":{"line":106,"column":12},"end":{"line":106,"column":42}},"50":{"start":{"line":109,"column":26},"end":{"line":109,"column":101}},"51":{"start":{"line":110,"column":8},"end":{"line":112,"column":null}},"52":{"start":{"line":111,"column":12},"end":{"line":111,"column":42}},"53":{"start":{"line":115,"column":8},"end":{"line":115,"column":58}},"54":{"start":{"line":118,"column":8},"end":{"line":118,"column":36}},"55":{"start":{"line":119,"column":8},"end":{"line":119,"column":47}},"56":{"start":{"line":120,"column":8},"end":{"line":120,"column":55}},"57":{"start":{"line":122,"column":8},"end":{"line":122,"column":45}},"58":{"start":{"line":127,"column":23},"end":{"line":127,"column":88}},"59":{"start":{"line":129,"column":8},"end":{"line":131,"column":null}},"60":{"start":{"line":130,"column":12},"end":{"line":130,"column":42}},"61":{"start":{"line":135,"column":26},"end":{"line":135,"column":92}},"62":{"start":{"line":136,"column":8},"end":{"line":138,"column":null}},"63":{"start":{"line":137,"column":12},"end":{"line":137,"column":42}},"64":{"start":{"line":142,"column":26},"end":{"line":142,"column":94}},"65":{"start":{"line":143,"column":8},"end":{"line":145,"column":null}},"66":{"start":{"line":144,"column":12},"end":{"line":144,"column":42}},"67":{"start":{"line":12,"column":13},"end":{"line":147,"column":null}},"68":{"start":{"line":12,"column":13},"end":{"line":12,"column":26}}},"fnMap":{"0":{"name":"(anonymous_2)","decl":{"start":{"line":13,"column":4},"end":{"line":13,"column":null}},"loc":{"start":{"line":16,"column":65},"end":{"line":17,"column":8}}},"1":{"name":"(anonymous_3)","decl":{"start":{"line":20,"column":4},"end":{"line":20,"column":9}},"loc":{"start":{"line":20,"column":65},"end":{"line":37,"column":5}}},"2":{"name":"(anonymous_4)","decl":{"start":{"line":39,"column":4},"end":{"line":39,"column":9}},"loc":{"start":{"line":39,"column":62},"end":{"line":63,"column":5}}},"3":{"name":"(anonymous_5)","decl":{"start":{"line":65,"column":4},"end":{"line":65,"column":9}},"loc":{"start":{"line":65,"column":58},"end":{"line":93,"column":5}}},"4":{"name":"(anonymous_6)","decl":{"start":{"line":95,"column":4},"end":{"line":95,"column":9}},"loc":{"start":{"line":95,"column":59},"end":{"line":123,"column":5}}},"5":{"name":"(anonymous_7)","decl":{"start":{"line":126,"column":4},"end":{"line":126,"column":9}},"loc":{"start":{"line":126,"column":62},"end":{"line":132,"column":5}}},"6":{"name":"(anonymous_8)","decl":{"start":{"line":134,"column":4},"end":{"line":134,"column":9}},"loc":{"start":{"line":134,"column":61},"end":{"line":139,"column":5}}},"7":{"name":"(anonymous_9)","decl":{"start":{"line":141,"column":4},"end":{"line":141,"column":9}},"loc":{"start":{"line":141,"column":63},"end":{"line":146,"column":5}}}},"branchMap":{"0":{"loc":{"start":{"line":24,"column":8},"end":{"line":26,"column":null}},"type":"if","locations":[{"start":{"line":24,"column":8},"end":{"line":26,"column":null}}]},"1":{"loc":{"start":{"line":42,"column":8},"end":{"line":44,"column":null}},"type":"if","locations":[{"start":{"line":42,"column":8},"end":{"line":44,"column":null}}]},"2":{"loc":{"start":{"line":51,"column":12},"end":{"line":53,"column":null}},"type":"if","locations":[{"start":{"line":51,"column":12},"end":{"line":53,"column":null}}]},"3":{"loc":{"start":{"line":71,"column":8},"end":{"line":73,"column":null}},"type":"if","locations":[{"start":{"line":71,"column":8},"end":{"line":73,"column":null}}]},"4":{"loc":{"start":{"line":75,"column":8},"end":{"line":77,"column":null}},"type":"if","locations":[{"start":{"line":75,"column":8},"end":{"line":77,"column":null}}]},"5":{"loc":{"start":{"line":84,"column":8},"end":{"line":91,"column":null}},"type":"if","locations":[{"start":{"line":84,"column":8},"end":{"line":91,"column":null}},{"start":{"line":89,"column":15},"end":{"line":91,"column":null}}]},"6":{"loc":{"start":{"line":101,"column":8},"end":{"line":103,"column":null}},"type":"if","locations":[{"start":{"line":101,"column":8},"end":{"line":103,"column":null}}]},"7":{"loc":{"start":{"line":105,"column":8},"end":{"line":107,"column":null}},"type":"if","locations":[{"start":{"line":105,"column":8},"end":{"line":107,"column":null}}]},"8":{"loc":{"start":{"line":110,"column":8},"end":{"line":112,"column":null}},"type":"if","locations":[{"start":{"line":110,"column":8},"end":{"line":112,"column":null}}]},"9":{"loc":{"start":{"line":129,"column":8},"end":{"line":131,"column":null}},"type":"if","locations":[{"start":{"line":129,"column":8},"end":{"line":131,"column":null}}]},"10":{"loc":{"start":{"line":136,"column":8},"end":{"line":138,"column":null}},"type":"if","locations":[{"start":{"line":136,"column":8},"end":{"line":138,"column":null}}]},"11":{"loc":{"start":{"line":143,"column":8},"end":{"line":145,"column":null}},"type":"if","locations":[{"start":{"line":143,"column":8},"end":{"line":145,"column":null}}]}},"s":{"0":1,"1":1,"2":1,"3":1,"4":1,"5":1,"6":7,"7":7,"8":7,"9":1,"10":1,"11":1,"12":0,"13":1,"14":1,"15":1,"16":1,"17":0,"18":0,"19":0,"20":0,"21":0,"22":0,"23":0,"24":0,"25":0,"26":0,"27":0,"28":0,"29":2,"30":2,"31":0,"32":2,"33":2,"34":0,"35":2,"36":2,"37":2,"38":1,"39":1,"40":1,"41":1,"42":1,"43":2,"44":1,"45":1,"46":0,"47":1,"48":1,"49":0,"50":1,"51":1,"52":0,"53":1,"54":1,"55":1,"56":1,"57":1,"58":2,"59":2,"60":1,"61":3,"62":3,"63":1,"64":2,"65":2,"66":1,"67":1,"68":1},"f":{"0":7,"1":1,"2":0,"3":2,"4":1,"5":2,"6":3,"7":2},"b":{"0":[0],"1":[0],"2":[0],"3":[0],"4":[0],"5":[1,1],"6":[0],"7":[0],"8":[0],"9":[1],"10":[1],"11":[1]}}
,"/Users/noutecompany/Desktop/classting-assigment/src/modules/school/dto/request/create.request.dto.ts": {"path":"/Users/noutecompany/Desktop/classting-assigment/src/modules/school/dto/request/create.request.dto.ts","statementMap":{"0":{"start":{"line":1,"column":0},"end":{"line":1,"column":46}},"1":{"start":{"line":2,"column":0},"end":{"line":2,"column":43}},"2":{"start":{"line":3,"column":0},"end":{"line":3,"column":52}},"3":{"start":{"line":8,"column":4},"end":{"line":8,"column":null}},"4":{"start":{"line":12,"column":4},"end":{"line":12,"column":null}},"5":{"start":{"line":5,"column":0},"end":{"line":5,"column":13}}},"fnMap":{},"branchMap":{},"s":{"0":0,"1":0,"2":0,"3":0,"4":0,"5":0},"f":{},"b":{}}
,"/Users/noutecompany/Desktop/classting-assigment/src/modules/school/dto/request/getSchool.query.dto.ts": {"path":"/Users/noutecompany/Desktop/classting-assigment/src/modules/school/dto/request/getSchool.query.dto.ts","statementMap":{"0":{"start":{"line":1,"column":0},"end":{"line":1,"column":46}},"1":{"start":{"line":2,"column":0},"end":{"line":2,"column":43}},"2":{"start":{"line":7,"column":4},"end":{"line":7,"column":null}},"3":{"start":{"line":11,"column":4},"end":{"line":11,"column":null}},"4":{"start":{"line":14,"column":4},"end":{"line":14,"column":null}},"5":{"start":{"line":4,"column":0},"end":{"line":4,"column":13}}},"fnMap":{},"branchMap":{},"s":{"0":0,"1":0,"2":0,"3":0,"4":0,"5":0},"f":{},"b":{}}
,"/Users/noutecompany/Desktop/classting-assigment/src/modules/school/dto/response/getSchool.response.dto.ts": {"path":"/Users/noutecompany/Desktop/classting-assigment/src/modules/school/dto/response/getSchool.response.dto.ts","statementMap":{"0":{"start":{"line":1,"column":0},"end":{"line":1,"column":46}},"1":{"start":{"line":2,"column":0},"end":{"line":2,"column":52}},"2":{"start":{"line":6,"column":4},"end":{"line":6,"column":null}},"3":{"start":{"line":9,"column":4},"end":{"line":9,"column":null}},"4":{"start":{"line":12,"column":4},"end":{"line":12,"column":null}},"5":{"start":{"line":15,"column":4},"end":{"line":15,"column":null}},"6":{"start":{"line":18,"column":4},"end":{"line":18,"column":null}},"7":{"start":{"line":4,"column":0},"end":{"line":4,"column":13}},"8":{"start":{"line":23,"column":4},"end":{"line":23,"column":null}},"9":{"start":{"line":26,"column":4},"end":{"line":26,"column":null}},"10":{"start":{"line":21,"column":0},"end":{"line":21,"column":13}},"11":{"start":{"line":31,"column":4},"end":{"line":31,"column":null}},"12":{"start":{"line":34,"column":4},"end":{"line":34,"column":null}},"13":{"start":{"line":29,"column":0},"end":{"line":29,"column":13}}},"fnMap":{},"branchMap":{},"s":{"0":0,"1":0,"2":0,"3":0,"4":0,"5":0,"6":0,"7":0,"8":0,"9":0,"10":0,"11":0,"12":0,"13":0},"f":{},"b":{}}
,"/Users/noutecompany/Desktop/classting-assigment/src/modules/school/dto/types/create.types.ts": {"path":"/Users/noutecompany/Desktop/classting-assigment/src/modules/school/dto/types/create.types.ts","statementMap":{"0":{"start":{"line":4,"column":0},"end":{"line":4,"column":13}}},"fnMap":{},"branchMap":{},"s":{"0":0},"f":{},"b":{}}
,"/Users/noutecompany/Desktop/classting-assigment/src/modules/user/user.controller.ts": {"path":"/Users/noutecompany/Desktop/classting-assigment/src/modules/user/user.controller.ts","statementMap":{"0":{"start":{"line":1,"column":0},"end":{"line":1,"column":44}},"1":{"start":{"line":2,"column":0},"end":{"line":2,"column":45}},"2":{"start":{"line":5,"column":0},"end":{"line":7,"column":null}},"3":{"start":{"line":6,"column":33},"end":{"line":6,"column":46}},"4":{"start":{"line":5,"column":13},"end":{"line":7,"column":null}},"5":{"start":{"line":5,"column":13},"end":{"line":5,"column":27}}},"fnMap":{"0":{"name":"(anonymous_2)","decl":{"start":{"line":6,"column":4},"end":{"line":6,"column":33}},"loc":{"start":{"line":6,"column":57},"end":{"line":6,"column":61}}}},"branchMap":{},"s":{"0":0,"1":0,"2":0,"3":0,"4":0,"5":0},"f":{"0":0},"b":{}}
,"/Users/noutecompany/Desktop/classting-assigment/src/modules/user/user.module.ts": {"path":"/Users/noutecompany/Desktop/classting-assigment/src/modules/user/user.module.ts","statementMap":{"0":{"start":{"line":1,"column":0},"end":{"line":1,"column":40}},"1":{"start":{"line":2,"column":0},"end":{"line":2,"column":45}},"2":{"start":{"line":3,"column":0},"end":{"line":3,"column":51}},"3":{"start":{"line":4,"column":0},"end":{"line":4,"column":48}},"4":{"start":{"line":5,"column":0},"end":{"line":5,"column":46}},"5":{"start":{"line":6,"column":0},"end":{"line":6,"column":64}},"6":{"start":{"line":7,"column":0},"end":{"line":7,"column":54}},"7":{"start":{"line":8,"column":0},"end":{"line":8,"column":63}},"8":{"start":{"line":15,"column":0},"end":{"line":15,"column":null}},"9":{"start":{"line":15,"column":13},"end":{"line":15,"column":null}},"10":{"start":{"line":15,"column":13},"end":{"line":15,"column":23}}},"fnMap":{},"branchMap":{},"s":{"0":0,"1":0,"2":0,"3":0,"4":0,"5":0,"6":0,"7":0,"8":0,"9":0,"10":0},"f":{},"b":{}}
,"/Users/noutecompany/Desktop/classting-assigment/src/modules/user/user.service.ts": {"path":"/Users/noutecompany/Desktop/classting-assigment/src/modules/user/user.service.ts","statementMap":{"0":{"start":{"line":1,"column":0},"end":{"line":1,"column":44}},"1":{"start":{"line":5,"column":0},"end":{"line":7,"column":null}},"2":{"start":{"line":5,"column":13},"end":{"line":7,"column":null}},"3":{"start":{"line":5,"column":13},"end":{"line":5,"column":24}}},"fnMap":{"0":{"name":"(anonymous_2)","decl":{"start":{"line":6,"column":4},"end":{"line":6,"column":19}},"loc":{"start":{"line":6,"column":4},"end":{"line":6,"column":20}}}},"branchMap":{},"s":{"0":0,"1":0,"2":0,"3":0},"f":{"0":0},"b":{}}
,"/Users/noutecompany/Desktop/classting-assigment/src/modules/user/dto/request/signIn.request.dto.ts": {"path":"/Users/noutecompany/Desktop/classting-assigment/src/modules/user/dto/request/signIn.request.dto.ts","statementMap":{"0":{"start":{"line":1,"column":0},"end":{"line":1,"column":46}},"1":{"start":{"line":2,"column":0},"end":{"line":2,"column":52}},"2":{"start":{"line":8,"column":4},"end":{"line":8,"column":null}},"3":{"start":{"line":12,"column":4},"end":{"line":12,"column":null}},"4":{"start":{"line":4,"column":0},"end":{"line":4,"column":13}}},"fnMap":{},"branchMap":{},"s":{"0":0,"1":0,"2":0,"3":0,"4":0},"f":{},"b":{}}
,"/Users/noutecompany/Desktop/classting-assigment/src/modules/user/dto/request/signUp.request.dto.ts": {"path":"/Users/noutecompany/Desktop/classting-assigment/src/modules/user/dto/request/signUp.request.dto.ts","statementMap":{"0":{"start":{"line":1,"column":0},"end":{"line":1,"column":46}},"1":{"start":{"line":2,"column":0},"end":{"line":2,"column":61}},"2":{"start":{"line":7,"column":4},"end":{"line":7,"column":null}},"3":{"start":{"line":12,"column":4},"end":{"line":12,"column":null}},"4":{"start":{"line":16,"column":4},"end":{"line":16,"column":null}},"5":{"start":{"line":4,"column":0},"end":{"line":4,"column":13}}},"fnMap":{},"branchMap":{},"s":{"0":0,"1":0,"2":0,"3":0,"4":0,"5":0},"f":{},"b":{}}
,"/Users/noutecompany/Desktop/classting-assigment/src/repository/role.repository.ts": {"path":"/Users/noutecompany/Desktop/classting-assigment/src/repository/role.repository.ts","statementMap":{"0":{"start":{"line":1,"column":0},"end":{"line":1,"column":44}},"1":{"start":{"line":2,"column":0},"end":{"line":2,"column":51}},"2":{"start":{"line":3,"column":0},"end":{"line":3,"column":46}},"3":{"start":{"line":4,"column":0},"end":{"line":4,"column":37}},"4":{"start":{"line":7,"column":0},"end":{"line":16,"column":null}},"5":{"start":{"line":10,"column":16},"end":{"line":10,"column":32}},"6":{"start":{"line":14,"column":8},"end":{"line":14,"column":106}},"7":{"start":{"line":7,"column":13},"end":{"line":16,"column":null}},"8":{"start":{"line":7,"column":13},"end":{"line":7,"column":27}}},"fnMap":{"0":{"name":"(anonymous_4)","decl":{"start":{"line":8,"column":4},"end":{"line":8,"column":null}},"loc":{"start":{"line":10,"column":48},"end":{"line":11,"column":8}}},"1":{"name":"(anonymous_5)","decl":{"start":{"line":13,"column":4},"end":{"line":13,"column":9}},"loc":{"start":{"line":13,"column":36},"end":{"line":15,"column":5}}}},"branchMap":{},"s":{"0":0,"1":0,"2":0,"3":0,"4":0,"5":0,"6":0,"7":0,"8":0},"f":{"0":0,"1":0},"b":{}}
,"/Users/noutecompany/Desktop/classting-assigment/src/repository/school.repository.ts": {"path":"/Users/noutecompany/Desktop/classting-assigment/src/repository/school.repository.ts","statementMap":{"0":{"start":{"line":1,"column":0},"end":{"line":1,"column":44}},"1":{"start":{"line":2,"column":0},"end":{"line":2,"column":51}},"2":{"start":{"line":3,"column":0},"end":{"line":3,"column":59}},"3":{"start":{"line":5,"column":0},"end":{"line":5,"column":47}},"4":{"start":{"line":9,"column":0},"end":{"line":63,"column":null}},"5":{"start":{"line":12,"column":16},"end":{"line":12,"column":34}},"6":{"start":{"line":16,"column":41},"end":{"line":16,"column":45}},"7":{"start":{"line":17,"column":23},"end":{"line":17,"column":53}},"8":{"start":{"line":18,"column":8},"end":{"line":18,"column":35}},"9":{"start":{"line":19,"column":8},"end":{"line":19,"column":27}},"10":{"start":{"line":20,"column":8},"end":{"line":20,"column":27}},"11":{"start":{"line":21,"column":8},"end":{"line":21,"column":49}},"12":{"start":{"line":25,"column":8},"end":{"line":25,"column":56}},"13":{"start":{"line":29,"column":8},"end":{"line":32,"column":22}},"14":{"start":{"line":36,"column":8},"end":{"line":42,"column":22}},"15":{"start":{"line":46,"column":42},"end":{"line":46,"column":48}},"16":{"start":{"line":47,"column":22},"end":{"line":51,"column":41}},"17":{"start":{"line":53,"column":8},"end":{"line":60,"column":null}},"18":{"start":{"line":54,"column":12},"end":{"line":59,"column":14}},"19":{"start":{"line":56,"column":20},"end":{"line":56,"column":77}},"20":{"start":{"line":57,"column":20},"end":{"line":57,"column":75}},"21":{"start":{"line":61,"column":8},"end":{"line":61,"column":45}},"22":{"start":{"line":9,"column":13},"end":{"line":63,"column":null}},"23":{"start":{"line":9,"column":13},"end":{"line":9,"column":29}}},"fnMap":{"0":{"name":"(anonymous_4)","decl":{"start":{"line":10,"column":4},"end":{"line":10,"column":null}},"loc":{"start":{"line":12,"column":52},"end":{"line":13,"column":8}}},"1":{"name":"(anonymous_5)","decl":{"start":{"line":15,"column":4},"end":{"line":15,"column":9}},"loc":{"start":{"line":15,"column":43},"end":{"line":22,"column":5}}},"2":{"name":"(anonymous_6)","decl":{"start":{"line":24,"column":4},"end":{"line":24,"column":9}},"loc":{"start":{"line":24,"column":29},"end":{"line":26,"column":5}}},"3":{"name":"(anonymous_7)","decl":{"start":{"line":28,"column":4},"end":{"line":28,"column":9}},"loc":{"start":{"line":28,"column":44},"end":{"line":33,"column":5}}},"4":{"name":"(anonymous_8)","decl":{"start":{"line":35,"column":4},"end":{"line":35,"column":9}},"loc":{"start":{"line":35,"column":64},"end":{"line":43,"column":5}}},"5":{"name":"(anonymous_9)","decl":{"start":{"line":45,"column":4},"end":{"line":45,"column":9}},"loc":{"start":{"line":45,"column":58},"end":{"line":62,"column":5}}},"6":{"name":"(anonymous_10)","decl":{"start":{"line":55,"column":29},"end":{"line":55,"column":30}},"loc":{"start":{"line":55,"column":36},"end":{"line":58,"column":17}}}},"branchMap":{"0":{"loc":{"start":{"line":53,"column":8},"end":{"line":60,"column":null}},"type":"if","locations":[{"start":{"line":53,"column":8},"end":{"line":60,"column":null}}]}},"s":{"0":1,"1":1,"2":1,"3":1,"4":1,"5":0,"6":0,"7":0,"8":0,"9":0,"10":0,"11":0,"12":0,"13":0,"14":0,"15":0,"16":0,"17":0,"18":0,"19":0,"20":0,"21":0,"22":1,"23":1},"f":{"0":0,"1":0,"2":0,"3":0,"4":0,"5":0,"6":0},"b":{"0":[0]}}
,"/Users/noutecompany/Desktop/classting-assigment/src/repository/subscribe.repository.ts": {"path":"/Users/noutecompany/Desktop/classting-assigment/src/repository/subscribe.repository.ts","statementMap":{"0":{"start":{"line":1,"column":0},"end":{"line":1,"column":44}},"1":{"start":{"line":2,"column":0},"end":{"line":2,"column":51}},"2":{"start":{"line":3,"column":0},"end":{"line":3,"column":55}},"3":{"start":{"line":4,"column":0},"end":{"line":4,"column":37}},"4":{"start":{"line":9,"column":0},"end":{"line":58,"column":null}},"5":{"start":{"line":12,"column":16},"end":{"line":12,"column":37}},"6":{"start":{"line":16,"column":26},"end":{"line":16,"column":59}},"7":{"start":{"line":17,"column":8},"end":{"line":17,"column":30}},"8":{"start":{"line":18,"column":8},"end":{"line":18,"column":34}},"9":{"start":{"line":19,"column":8},"end":{"line":19,"column":45}},"10":{"start":{"line":20,"column":8},"end":{"line":20,"column":62}},"11":{"start":{"line":24,"column":8},"end":{"line":24,"column":62}},"12":{"start":{"line":28,"column":8},"end":{"line":34,"column":22}},"13":{"start":{"line":38,"column":8},"end":{"line":45,"column":22}},"14":{"start":{"line":49,"column":8},"end":{"line":56,"column":22}},"15":{"start":{"line":9,"column":13},"end":{"line":58,"column":null}},"16":{"start":{"line":9,"column":13},"end":{"line":9,"column":32}}},"fnMap":{"0":{"name":"(anonymous_4)","decl":{"start":{"line":10,"column":4},"end":{"line":10,"column":null}},"loc":{"start":{"line":12,"column":58},"end":{"line":13,"column":8}}},"1":{"name":"(anonymous_5)","decl":{"start":{"line":15,"column":4},"end":{"line":15,"column":9}},"loc":{"start":{"line":15,"column":43},"end":{"line":21,"column":5}}},"2":{"name":"(anonymous_6)","decl":{"start":{"line":23,"column":4},"end":{"line":23,"column":9}},"loc":{"start":{"line":23,"column":35},"end":{"line":25,"column":5}}},"3":{"name":"(anonymous_7)","decl":{"start":{"line":27,"column":4},"end":{"line":27,"column":9}},"loc":{"start":{"line":27,"column":69},"end":{"line":35,"column":5}}},"4":{"name":"(anonymous_8)","decl":{"start":{"line":37,"column":4},"end":{"line":37,"column":9}},"loc":{"start":{"line":37,"column":60},"end":{"line":46,"column":5}}},"5":{"name":"(anonymous_9)","decl":{"start":{"line":48,"column":4},"end":{"line":48,"column":9}},"loc":{"start":{"line":48,"column":62},"end":{"line":57,"column":5}}}},"branchMap":{},"s":{"0":1,"1":1,"2":1,"3":1,"4":1,"5":0,"6":0,"7":0,"8":0,"9":0,"10":0,"11":0,"12":0,"13":0,"14":0,"15":1,"16":1},"f":{"0":0,"1":0,"2":0,"3":0,"4":0,"5":0},"b":{}}
,"/Users/noutecompany/Desktop/classting-assigment/src/repository/user.repository.ts": {"path":"/Users/noutecompany/Desktop/classting-assigment/src/repository/user.repository.ts","statementMap":{"0":{"start":{"line":1,"column":0},"end":{"line":1,"column":44}},"1":{"start":{"line":2,"column":0},"end":{"line":2,"column":51}},"2":{"start":{"line":3,"column":0},"end":{"line":3,"column":45}},"3":{"start":{"line":4,"column":0},"end":{"line":4,"column":37}},"4":{"start":{"line":7,"column":0},"end":{"line":34,"column":null}},"5":{"start":{"line":10,"column":16},"end":{"line":10,"column":32}},"6":{"start":{"line":14,"column":8},"end":{"line":14,"column":44}},"7":{"start":{"line":17,"column":8},"end":{"line":17,"column":52}},"8":{"start":{"line":21,"column":8},"end":{"line":25,"column":22}},"9":{"start":{"line":29,"column":8},"end":{"line":32,"column":22}},"10":{"start":{"line":7,"column":13},"end":{"line":34,"column":null}},"11":{"start":{"line":7,"column":13},"end":{"line":7,"column":27}}},"fnMap":{"0":{"name":"(anonymous_4)","decl":{"start":{"line":8,"column":4},"end":{"line":8,"column":null}},"loc":{"start":{"line":10,"column":48},"end":{"line":11,"column":8}}},"1":{"name":"(anonymous_5)","decl":{"start":{"line":13,"column":4},"end":{"line":13,"column":10}},"loc":{"start":{"line":13,"column":10},"end":{"line":15,"column":5}}},"2":{"name":"(anonymous_6)","decl":{"start":{"line":16,"column":4},"end":{"line":16,"column":9}},"loc":{"start":{"line":16,"column":25},"end":{"line":18,"column":5}}},"3":{"name":"(anonymous_7)","decl":{"start":{"line":20,"column":4},"end":{"line":20,"column":9}},"loc":{"start":{"line":20,"column":36},"end":{"line":26,"column":5}}},"4":{"name":"(anonymous_8)","decl":{"start":{"line":28,"column":4},"end":{"line":28,"column":9}},"loc":{"start":{"line":28,"column":38},"end":{"line":33,"column":5}}}},"branchMap":{},"s":{"0":1,"1":1,"2":1,"3":1,"4":1,"5":0,"6":0,"7":0,"8":0,"9":0,"10":1,"11":1},"f":{"0":0,"1":0,"2":0,"3":0,"4":0},"b":{}}
,"/Users/noutecompany/Desktop/classting-assigment/src/typeorm/typeorm.module.ts": {"path":"/Users/noutecompany/Desktop/classting-assigment/src/typeorm/typeorm.module.ts","statementMap":{"0":{"start":{"line":1,"column":0},"end":{"line":1,"column":40}},"1":{"start":{"line":2,"column":0},"end":{"line":2,"column":51}},"2":{"start":{"line":7,"column":0},"end":{"line":7,"column":null}},"3":{"start":{"line":7,"column":13},"end":{"line":7,"column":null}},"4":{"start":{"line":7,"column":13},"end":{"line":7,"column":26}}},"fnMap":{},"branchMap":{},"s":{"0":0,"1":0,"2":0,"3":0,"4":0},"f":{},"b":{}}
,"/Users/noutecompany/Desktop/classting-assigment/src/typeorm/typeorm.service.ts": {"path":"/Users/noutecompany/Desktop/classting-assigment/src/typeorm/typeorm.service.ts","statementMap":{"0":{"start":{"line":1,"column":0},"end":{"line":1,"column":44}},"1":{"start":{"line":5,"column":0},"end":{"line":18,"column":null}},"2":{"start":{"line":7,"column":8},"end":{"line":16,"column":10}},"3":{"start":{"line":5,"column":13},"end":{"line":18,"column":null}},"4":{"start":{"line":5,"column":13},"end":{"line":5,"column":27}}},"fnMap":{"0":{"name":"(anonymous_1)","decl":{"start":{"line":6,"column":4},"end":{"line":6,"column":24}},"loc":{"start":{"line":6,"column":24},"end":{"line":17,"column":5}}}},"branchMap":{"0":{"loc":{"start":{"line":15,"column":25},"end":{"line":15,"column":86}},"type":"cond-expr","locations":[{"start":{"line":15,"column":47},"end":{"line":15,"column":78}},{"start":{"line":15,"column":81},"end":{"line":15,"column":86}}]}},"s":{"0":0,"1":0,"2":0,"3":0,"4":0},"f":{"0":0},"b":{"0":[0,0]}}
}
